{"numFailedTestSuites":2,"numFailedTests":3,"numPassedTestSuites":6,"numPassedTests":51,"numPendingTestSuites":0,"numPendingTests":0,"numRuntimeErrorTestSuites":0,"numTodoTests":0,"numTotalTestSuites":8,"numTotalTests":54,"openHandles":[],"snapshot":{"added":0,"didUpdate":false,"failure":false,"filesAdded":0,"filesRemoved":0,"filesRemovedList":[],"filesUnmatched":0,"filesUpdated":0,"matched":0,"total":0,"unchecked":0,"uncheckedKeysByFile":[],"unmatched":0,"updated":0},"startTime":1769517575218,"success":false,"testResults":[{"assertionResults":[{"ancestorTitles":["Utils","Hex"],"duration":9,"failureDetails":[],"failureMessages":[],"fullName":"Utils Hex isHex should return true for valid hex","invocations":1,"location":null,"numPassingAsserts":2,"retryReasons":[],"status":"passed","title":"isHex should return true for valid hex"},{"ancestorTitles":["Utils","Hex"],"duration":0,"failureDetails":[],"failureMessages":[],"fullName":"Utils Hex isHex should return false for invalid hex","invocations":1,"location":null,"numPassingAsserts":1,"retryReasons":[],"status":"passed","title":"isHex should return false for invalid hex"},{"ancestorTitles":["Utils","Hex"],"duration":0,"failureDetails":[],"failureMessages":[],"fullName":"Utils Hex stripPrefix should remove 0x","invocations":1,"location":null,"numPassingAsserts":2,"retryReasons":[],"status":"passed","title":"stripPrefix should remove 0x"},{"ancestorTitles":["Utils","Hex"],"duration":1,"failureDetails":[],"failureMessages":[],"fullName":"Utils Hex addPrefix should add 0x","invocations":1,"location":null,"numPassingAsserts":2,"retryReasons":[],"status":"passed","title":"addPrefix should add 0x"},{"ancestorTitles":["Utils","Base58"],"duration":1,"failureDetails":[],"failureMessages":[],"fullName":"Utils Base58 should encode and decode correctly","invocations":1,"location":null,"numPassingAsserts":1,"retryReasons":[],"status":"passed","title":"should encode and decode correctly"},{"ancestorTitles":["Utils","Bech32"],"duration":1,"failureDetails":[],"failureMessages":[],"fullName":"Utils Bech32 should decode correctly","invocations":1,"location":null,"numPassingAsserts":2,"retryReasons":[],"status":"passed","title":"should decode correctly"},{"ancestorTitles":["Utils","Bech32"],"duration":0,"failureDetails":[],"failureMessages":[],"fullName":"Utils Bech32 should return null for invalid bech32","invocations":1,"location":null,"numPassingAsserts":1,"retryReasons":[],"status":"passed","title":"should return null for invalid bech32"},{"ancestorTitles":["Utils","Keccak256"],"duration":1,"failureDetails":[],"failureMessages":[],"fullName":"Utils Keccak256 should hash string correctly","invocations":1,"location":null,"numPassingAsserts":1,"retryReasons":[],"status":"passed","title":"should hash string correctly"},{"ancestorTitles":["Utils","Sha256"],"duration":1,"failureDetails":[],"failureMessages":[],"fullName":"Utils Sha256 should hash buffer correctly","invocations":1,"location":null,"numPassingAsserts":1,"retryReasons":[],"status":"passed","title":"should hash buffer correctly"}],"endTime":1769517577623,"message":"","name":"C:\\PC\\Codes\\validator0x\\tests\\utils.test.ts","startTime":1769517575828,"status":"passed","summary":""},{"assertionResults":[{"ancestorTitles":["Bitcoin Validator","Legacy (P2PKH)"],"duration":11,"failureDetails":[],"failureMessages":[],"fullName":"Bitcoin Validator Legacy (P2PKH) should validate Genesis address","invocations":1,"location":null,"numPassingAsserts":2,"retryReasons":[],"status":"passed","title":"should validate Genesis address"},{"ancestorTitles":["Bitcoin Validator","SegWit (P2WPKH)"],"duration":1,"failureDetails":[],"failureMessages":[],"fullName":"Bitcoin Validator SegWit (P2WPKH) should validate Bech32 address","invocations":1,"location":null,"numPassingAsserts":2,"retryReasons":[],"status":"passed","title":"should validate Bech32 address"},{"ancestorTitles":["Bitcoin Validator","Taproot (P2TR)"],"duration":1,"failureDetails":[],"failureMessages":[],"fullName":"Bitcoin Validator Taproot (P2TR) should validate Bech32m address (Taproot)","invocations":1,"location":null,"numPassingAsserts":2,"retryReasons":[],"status":"passed","title":"should validate Bech32m address (Taproot)"},{"ancestorTitles":["Bitcoin Validator","Invalid"],"duration":0,"failureDetails":[],"failureMessages":[],"fullName":"Bitcoin Validator Invalid should reject invalid Bech32 checksum","invocations":1,"location":null,"numPassingAsserts":1,"retryReasons":[],"status":"passed","title":"should reject invalid Bech32 checksum"},{"ancestorTitles":["Bitcoin Validator","Invalid"],"duration":1,"failureDetails":[],"failureMessages":[],"fullName":"Bitcoin Validator Invalid should reject mixed case Bech32","invocations":1,"location":null,"numPassingAsserts":1,"retryReasons":[],"status":"passed","title":"should reject mixed case Bech32"}],"endTime":1769517577626,"message":"","name":"C:\\PC\\Codes\\validator0x\\tests\\bitcoin.test.ts","startTime":1769517575831,"status":"passed","summary":""},{"assertionResults":[{"ancestorTitles":["Polygon Validator"],"duration":10,"failureDetails":[],"failureMessages":[],"fullName":"Polygon Validator should validate Polygon address","invocations":1,"location":null,"numPassingAsserts":2,"retryReasons":[],"status":"passed","title":"should validate Polygon address"},{"ancestorTitles":["Chain Detector"],"duration":1,"failureDetails":[],"failureMessages":[],"fullName":"Chain Detector should detect Ethereum","invocations":1,"location":null,"numPassingAsserts":1,"retryReasons":[],"status":"passed","title":"should detect Ethereum"},{"ancestorTitles":["Chain Detector"],"duration":0,"failureDetails":[],"failureMessages":[],"fullName":"Chain Detector should detect Solana","invocations":1,"location":null,"numPassingAsserts":1,"retryReasons":[],"status":"passed","title":"should detect Solana"},{"ancestorTitles":["Chain Detector"],"duration":0,"failureDetails":[],"failureMessages":[],"fullName":"Chain Detector should detect Bitcoin Legacy","invocations":1,"location":null,"numPassingAsserts":1,"retryReasons":[],"status":"passed","title":"should detect Bitcoin Legacy"},{"ancestorTitles":["Chain Detector"],"duration":1,"failureDetails":[],"failureMessages":[],"fullName":"Chain Detector should detect Bitcoin SegWit","invocations":1,"location":null,"numPassingAsserts":1,"retryReasons":[],"status":"passed","title":"should detect Bitcoin SegWit"},{"ancestorTitles":["Chain Detector"],"duration":0,"failureDetails":[],"failureMessages":[],"fullName":"Chain Detector should return null for unknown","invocations":1,"location":null,"numPassingAsserts":1,"retryReasons":[],"status":"passed","title":"should return null for unknown"}],"endTime":1769517577633,"message":"","name":"C:\\PC\\Codes\\validator0x\\tests\\detector.test.ts","startTime":1769517575838,"status":"passed","summary":""},{"assertionResults":[{"ancestorTitles":["Input Sanitizer"],"duration":8,"failureDetails":[],"failureMessages":[],"fullName":"Input Sanitizer should pass valid strings","invocations":1,"location":null,"numPassingAsserts":1,"retryReasons":[],"status":"passed","title":"should pass valid strings"},{"ancestorTitles":["Input Sanitizer"],"duration":1,"failureDetails":[],"failureMessages":[],"fullName":"Input Sanitizer should trim whitespace","invocations":1,"location":null,"numPassingAsserts":1,"retryReasons":[],"status":"passed","title":"should trim whitespace"},{"ancestorTitles":["Input Sanitizer"],"duration":6,"failureDetails":[],"failureMessages":[],"fullName":"Input Sanitizer should reject null/undefined","invocations":1,"location":null,"numPassingAsserts":2,"retryReasons":[],"status":"passed","title":"should reject null/undefined"},{"ancestorTitles":["Input Sanitizer"],"duration":5,"failureDetails":[],"failureMessages":[],"fullName":"Input Sanitizer should reject non-string types","invocations":1,"location":null,"numPassingAsserts":2,"retryReasons":[],"status":"passed","title":"should reject non-string types"},{"ancestorTitles":["Input Sanitizer"],"duration":1,"failureDetails":[],"failureMessages":[],"fullName":"Input Sanitizer should reject input too long","invocations":1,"location":null,"numPassingAsserts":1,"retryReasons":[],"status":"passed","title":"should reject input too long"},{"ancestorTitles":["Input Sanitizer"],"duration":1,"failureDetails":[],"failureMessages":[],"fullName":"Input Sanitizer should reject control characters","invocations":1,"location":null,"numPassingAsserts":1,"retryReasons":[],"status":"passed","title":"should reject control characters"}],"endTime":1769517577642,"message":"","name":"C:\\PC\\Codes\\validator0x\\tests\\security.test.ts","startTime":1769517575847,"status":"passed","summary":""},{"assertionResults":[{"ancestorTitles":["Formatters"],"duration":10,"failureDetails":[{"matcherResult":{"actual":"0xd8dA...6045","expected":"0xd8da...6045","message":"\u001b[2mexpect(\u001b[22m\u001b[31mreceived\u001b[39m\u001b[2m).\u001b[22mtoBe\u001b[2m(\u001b[22m\u001b[32mexpected\u001b[39m\u001b[2m) // Object.is equality\u001b[22m\n\nExpected: \u001b[32m\"0xd8d\u001b[7ma\u001b[27m...6045\"\u001b[39m\nReceived: \u001b[31m\"0xd8d\u001b[7mA\u001b[27m...6045\"\u001b[39m","name":"toBe","pass":false}}],"failureMessages":["Error: \u001b[2mexpect(\u001b[22m\u001b[31mreceived\u001b[39m\u001b[2m).\u001b[22mtoBe\u001b[2m(\u001b[22m\u001b[32mexpected\u001b[39m\u001b[2m) // Object.is equality\u001b[22m\n\nExpected: \u001b[32m\"0xd8d\u001b[7ma\u001b[27m...6045\"\u001b[39m\nReceived: \u001b[31m\"0xd8d\u001b[7mA\u001b[27m...6045\"\u001b[39m\n    at Object.<anonymous> (C:\\PC\\Codes\\validator0x\\tests\\formatters.test.ts:6:14)\n    at Promise.then.completed (C:\\PC\\Codes\\validator0x\\node_modules\\jest-circus\\build\\utils.js:298:28)\n    at new Promise (<anonymous>)\n    at callAsyncCircusFn (C:\\PC\\Codes\\validator0x\\node_modules\\jest-circus\\build\\utils.js:231:10)\n    at _callCircusTest (C:\\PC\\Codes\\validator0x\\node_modules\\jest-circus\\build\\run.js:316:40)\n    at processTicksAndRejections (node:internal/process/task_queues:105:5)\n    at _runTest (C:\\PC\\Codes\\validator0x\\node_modules\\jest-circus\\build\\run.js:252:3)\n    at _runTestsForDescribeBlock (C:\\PC\\Codes\\validator0x\\node_modules\\jest-circus\\build\\run.js:126:9)\n    at _runTestsForDescribeBlock (C:\\PC\\Codes\\validator0x\\node_modules\\jest-circus\\build\\run.js:121:9)\n    at run (C:\\PC\\Codes\\validator0x\\node_modules\\jest-circus\\build\\run.js:71:3)\n    at runAndTransformResultsToJestFormat (C:\\PC\\Codes\\validator0x\\node_modules\\jest-circus\\build\\legacy-code-todo-rewrite\\jestAdapterInit.js:122:21)\n    at jestAdapter (C:\\PC\\Codes\\validator0x\\node_modules\\jest-circus\\build\\legacy-code-todo-rewrite\\jestAdapter.js:79:19)\n    at runTestInternal (C:\\PC\\Codes\\validator0x\\node_modules\\jest-runner\\build\\runTest.js:367:16)\n    at runTest (C:\\PC\\Codes\\validator0x\\node_modules\\jest-runner\\build\\runTest.js:444:34)\n    at Object.worker (C:\\PC\\Codes\\validator0x\\node_modules\\jest-runner\\build\\testWorker.js:106:12)"],"fullName":"Formatters should shorten ETH address","invocations":1,"location":null,"numPassingAsserts":0,"retryReasons":[],"status":"failed","title":"should shorten ETH address"},{"ancestorTitles":["Formatters"],"duration":1,"failureDetails":[],"failureMessages":[],"fullName":"Formatters should shorten Solana address","invocations":1,"location":null,"numPassingAsserts":1,"retryReasons":[],"status":"passed","title":"should shorten Solana address"},{"ancestorTitles":["Formatters"],"duration":2,"failureDetails":[],"failureMessages":[],"fullName":"Formatters should checksum ETH address","invocations":1,"location":null,"numPassingAsserts":1,"retryReasons":[],"status":"passed","title":"should checksum ETH address"},{"ancestorTitles":["Unit Formatters","shortenAddress"],"duration":1,"failureDetails":[],"failureMessages":[],"fullName":"Unit Formatters shortenAddress should return original if too short","invocations":1,"location":null,"numPassingAsserts":1,"retryReasons":[],"status":"passed","title":"should return original if too short"},{"ancestorTitles":["Unit Formatters","shortenAddress"],"duration":1,"failureDetails":[],"failureMessages":[],"fullName":"Unit Formatters shortenAddress should shorten long address","invocations":1,"location":null,"numPassingAsserts":1,"retryReasons":[],"status":"passed","title":"should shorten long address"},{"ancestorTitles":["Unit Formatters","normalizeAddress"],"duration":0,"failureDetails":[],"failureMessages":[],"fullName":"Unit Formatters normalizeAddress should lowercase ethereum","invocations":1,"location":null,"numPassingAsserts":1,"retryReasons":[],"status":"passed","title":"should lowercase ethereum"},{"ancestorTitles":["Unit Formatters","normalizeAddress"],"duration":0,"failureDetails":[],"failureMessages":[],"fullName":"Unit Formatters normalizeAddress should lowercase polygon","invocations":1,"location":null,"numPassingAsserts":1,"retryReasons":[],"status":"passed","title":"should lowercase polygon"},{"ancestorTitles":["Unit Formatters","normalizeAddress"],"duration":0,"failureDetails":[],"failureMessages":[],"fullName":"Unit Formatters normalizeAddress should keep others as is","invocations":1,"location":null,"numPassingAsserts":1,"retryReasons":[],"status":"passed","title":"should keep others as is"},{"ancestorTitles":["Unit Formatters","addChecksum"],"duration":0,"failureDetails":[],"failureMessages":[],"fullName":"Unit Formatters addChecksum should add checksum for eth","invocations":1,"location":null,"numPassingAsserts":1,"retryReasons":[],"status":"passed","title":"should add checksum for eth"},{"ancestorTitles":["Unit Formatters","addChecksum"],"duration":0,"failureDetails":[],"failureMessages":[],"fullName":"Unit Formatters addChecksum should return existing for solana","invocations":1,"location":null,"numPassingAsserts":1,"retryReasons":[],"status":"passed","title":"should return existing for solana"}],"endTime":1769517577659,"message":"\u001b[1m\u001b[31m  \u001b[1m● \u001b[22m\u001b[1mFormatters › should shorten ETH address\u001b[39m\u001b[22m\n\n    \u001b[2mexpect(\u001b[22m\u001b[31mreceived\u001b[39m\u001b[2m).\u001b[22mtoBe\u001b[2m(\u001b[22m\u001b[32mexpected\u001b[39m\u001b[2m) // Object.is equality\u001b[22m\n\n    Expected: \u001b[32m\"0xd8d\u001b[7ma\u001b[27m...6045\"\u001b[39m\n    Received: \u001b[31m\"0xd8d\u001b[7mA\u001b[27m...6045\"\u001b[39m\n\u001b[2m\u001b[22m\n\u001b[2m    \u001b[0m \u001b[90m 4 |\u001b[39m     test(\u001b[32m'should shorten ETH address'\u001b[39m\u001b[33m,\u001b[39m () \u001b[33m=>\u001b[39m {\u001b[22m\n\u001b[2m     \u001b[90m 5 |\u001b[39m         expect(formatAddress(\u001b[32m'0xd8dA6BF26964aF9D7eEd9e03E53415D37aA96045'\u001b[39m\u001b[33m,\u001b[39m \u001b[32m'ethereum'\u001b[39m\u001b[33m,\u001b[39m { shorten\u001b[33m:\u001b[39m \u001b[36mtrue\u001b[39m }))\u001b[22m\n\u001b[2m    \u001b[31m\u001b[1m>\u001b[22m\u001b[2m\u001b[39m\u001b[90m 6 |\u001b[39m             \u001b[33m.\u001b[39mtoBe(\u001b[32m'0xd8da...6045'\u001b[39m)\u001b[33m;\u001b[39m\u001b[22m\n\u001b[2m     \u001b[90m   |\u001b[39m              \u001b[31m\u001b[1m^\u001b[22m\u001b[2m\u001b[39m\u001b[22m\n\u001b[2m     \u001b[90m 7 |\u001b[39m     })\u001b[33m;\u001b[39m\u001b[22m\n\u001b[2m     \u001b[90m 8 |\u001b[39m\u001b[22m\n\u001b[2m     \u001b[90m 9 |\u001b[39m     test(\u001b[32m'should shorten Solana address'\u001b[39m\u001b[33m,\u001b[39m () \u001b[33m=>\u001b[39m {\u001b[0m\u001b[22m\n\u001b[2m\u001b[22m\n\u001b[2m      \u001b[2mat Object.<anonymous> (\u001b[22m\u001b[2m\u001b[0m\u001b[36mtests/formatters.test.ts\u001b[39m\u001b[0m\u001b[2m:6:14)\u001b[22m\u001b[2m\u001b[22m\n","name":"C:\\PC\\Codes\\validator0x\\tests\\formatters.test.ts","startTime":1769517575821,"status":"failed","summary":""},{"assertionResults":[{"ancestorTitles":["Polygon Validator","Valid Addresses"],"duration":7,"failureDetails":[],"failureMessages":[],"fullName":"Polygon Validator Valid Addresses should validate correct checksummed address","invocations":1,"location":null,"numPassingAsserts":3,"retryReasons":[],"status":"passed","title":"should validate correct checksummed address"},{"ancestorTitles":["Polygon Validator","Valid Addresses"],"duration":0,"failureDetails":[],"failureMessages":[],"fullName":"Polygon Validator Valid Addresses should validate lowercase address (non-checksummed)","invocations":1,"location":null,"numPassingAsserts":2,"retryReasons":[],"status":"passed","title":"should validate lowercase address (non-checksummed)"},{"ancestorTitles":["Polygon Validator","Invalid Addresses"],"duration":0,"failureDetails":[],"failureMessages":[],"fullName":"Polygon Validator Invalid Addresses should reject invalid checksum in strict mode","invocations":1,"location":null,"numPassingAsserts":2,"retryReasons":[],"status":"passed","title":"should reject invalid checksum in strict mode"},{"ancestorTitles":["Polygon Validator","Invalid Addresses"],"duration":1,"failureDetails":[],"failureMessages":[],"fullName":"Polygon Validator Invalid Addresses should reject too short address","invocations":1,"location":null,"numPassingAsserts":1,"retryReasons":[],"status":"passed","title":"should reject too short address"}],"endTime":1769517577660,"message":"","name":"C:\\PC\\Codes\\validator0x\\tests\\polygon.test.ts","startTime":1769517575837,"status":"passed","summary":""},{"assertionResults":[{"ancestorTitles":["Ethereum Validator","Valid Addresses"],"duration":9,"failureDetails":[],"failureMessages":[],"fullName":"Ethereum Validator Valid Addresses should validate correct checksummed address","invocations":1,"location":null,"numPassingAsserts":3,"retryReasons":[],"status":"passed","title":"should validate correct checksummed address"},{"ancestorTitles":["Ethereum Validator","Valid Addresses"],"duration":1,"failureDetails":[],"failureMessages":[],"fullName":"Ethereum Validator Valid Addresses should validate lowercase address (non-checksummed)","invocations":1,"location":null,"numPassingAsserts":2,"retryReasons":[],"status":"passed","title":"should validate lowercase address (non-checksummed)"},{"ancestorTitles":["Ethereum Validator","Valid Addresses"],"duration":2,"failureDetails":[{"matcherResult":{"actual":true,"expected":false,"message":"\u001b[2mexpect(\u001b[22m\u001b[31mreceived\u001b[39m\u001b[2m).\u001b[22mtoBe\u001b[2m(\u001b[22m\u001b[32mexpected\u001b[39m\u001b[2m) // Object.is equality\u001b[22m\n\nExpected: \u001b[32mfalse\u001b[39m\nReceived: \u001b[31mtrue\u001b[39m","name":"toBe","pass":false}}],"failureMessages":["Error: \u001b[2mexpect(\u001b[22m\u001b[31mreceived\u001b[39m\u001b[2m).\u001b[22mtoBe\u001b[2m(\u001b[22m\u001b[32mexpected\u001b[39m\u001b[2m) // Object.is equality\u001b[22m\n\nExpected: \u001b[32mfalse\u001b[39m\nReceived: \u001b[31mtrue\u001b[39m\n    at Object.<anonymous> (C:\\PC\\Codes\\validator0x\\tests\\ethereum.test.ts:30:38)\n    at Promise.then.completed (C:\\PC\\Codes\\validator0x\\node_modules\\jest-circus\\build\\utils.js:298:28)\n    at new Promise (<anonymous>)\n    at callAsyncCircusFn (C:\\PC\\Codes\\validator0x\\node_modules\\jest-circus\\build\\utils.js:231:10)\n    at _callCircusTest (C:\\PC\\Codes\\validator0x\\node_modules\\jest-circus\\build\\run.js:316:40)\n    at processTicksAndRejections (node:internal/process/task_queues:105:5)\n    at _runTest (C:\\PC\\Codes\\validator0x\\node_modules\\jest-circus\\build\\run.js:252:3)\n    at _runTestsForDescribeBlock (C:\\PC\\Codes\\validator0x\\node_modules\\jest-circus\\build\\run.js:126:9)\n    at _runTestsForDescribeBlock (C:\\PC\\Codes\\validator0x\\node_modules\\jest-circus\\build\\run.js:121:9)\n    at _runTestsForDescribeBlock (C:\\PC\\Codes\\validator0x\\node_modules\\jest-circus\\build\\run.js:121:9)\n    at run (C:\\PC\\Codes\\validator0x\\node_modules\\jest-circus\\build\\run.js:71:3)\n    at runAndTransformResultsToJestFormat (C:\\PC\\Codes\\validator0x\\node_modules\\jest-circus\\build\\legacy-code-todo-rewrite\\jestAdapterInit.js:122:21)\n    at jestAdapter (C:\\PC\\Codes\\validator0x\\node_modules\\jest-circus\\build\\legacy-code-todo-rewrite\\jestAdapter.js:79:19)\n    at runTestInternal (C:\\PC\\Codes\\validator0x\\node_modules\\jest-runner\\build\\runTest.js:367:16)\n    at runTest (C:\\PC\\Codes\\validator0x\\node_modules\\jest-runner\\build\\runTest.js:444:34)\n    at Object.worker (C:\\PC\\Codes\\validator0x\\node_modules\\jest-runner\\build\\testWorker.js:106:12)"],"fullName":"Ethereum Validator Valid Addresses should validate non-prefixed checksummed address after formatting","invocations":1,"location":null,"numPassingAsserts":0,"retryReasons":[],"status":"failed","title":"should validate non-prefixed checksummed address after formatting"},{"ancestorTitles":["Ethereum Validator","Valid Addresses"],"duration":1,"failureDetails":[],"failureMessages":[],"fullName":"Ethereum Validator Valid Addresses should validate uppercase address","invocations":1,"location":null,"numPassingAsserts":2,"retryReasons":[],"status":"passed","title":"should validate uppercase address"},{"ancestorTitles":["Ethereum Validator","Invalid Addresses"],"duration":3,"failureDetails":[],"failureMessages":[],"fullName":"Ethereum Validator Invalid Addresses should reject invalid checksum in strict mode","invocations":1,"location":null,"numPassingAsserts":2,"retryReasons":[],"status":"passed","title":"should reject invalid checksum in strict mode"},{"ancestorTitles":["Ethereum Validator","Invalid Addresses"],"duration":0,"failureDetails":[],"failureMessages":[],"fullName":"Ethereum Validator Invalid Addresses should reject too short address","invocations":1,"location":null,"numPassingAsserts":2,"retryReasons":[],"status":"passed","title":"should reject too short address"},{"ancestorTitles":["Ethereum Validator","Invalid Addresses"],"duration":1,"failureDetails":[],"failureMessages":[],"fullName":"Ethereum Validator Invalid Addresses should reject invalid hex characters","invocations":1,"location":null,"numPassingAsserts":2,"retryReasons":[],"status":"passed","title":"should reject invalid hex characters"},{"ancestorTitles":["Ethereum Validator","Invalid Addresses"],"duration":0,"failureDetails":[],"failureMessages":[],"fullName":"Ethereum Validator Invalid Addresses should reject burn address","invocations":1,"location":null,"numPassingAsserts":2,"retryReasons":[],"status":"passed","title":"should reject burn address"},{"ancestorTitles":["Ethereum Validator","Formatting"],"duration":1,"failureDetails":[],"failureMessages":[],"fullName":"Ethereum Validator Formatting should apply checksum formatting","invocations":1,"location":null,"numPassingAsserts":1,"retryReasons":[],"status":"passed","title":"should apply checksum formatting"},{"ancestorTitles":["Ethereum Validator","Formatting"],"duration":1,"failureDetails":[{"matcherResult":{"actual":"0xd8dA...6045","expected":"0xd8da...6045","message":"\u001b[2mexpect(\u001b[22m\u001b[31mreceived\u001b[39m\u001b[2m).\u001b[22mtoBe\u001b[2m(\u001b[22m\u001b[32mexpected\u001b[39m\u001b[2m) // Object.is equality\u001b[22m\n\nExpected: \u001b[32m\"0xd8d\u001b[7ma\u001b[27m...6045\"\u001b[39m\nReceived: \u001b[31m\"0xd8d\u001b[7mA\u001b[27m...6045\"\u001b[39m","name":"toBe","pass":false}}],"failureMessages":["Error: \u001b[2mexpect(\u001b[22m\u001b[31mreceived\u001b[39m\u001b[2m).\u001b[22mtoBe\u001b[2m(\u001b[22m\u001b[32mexpected\u001b[39m\u001b[2m) // Object.is equality\u001b[22m\n\nExpected: \u001b[32m\"0xd8d\u001b[7ma\u001b[27m...6045\"\u001b[39m\nReceived: \u001b[31m\"0xd8d\u001b[7mA\u001b[27m...6045\"\u001b[39m\n    at Object.<anonymous> (C:\\PC\\Codes\\validator0x\\tests\\ethereum.test.ts:107:31)\n    at Promise.then.completed (C:\\PC\\Codes\\validator0x\\node_modules\\jest-circus\\build\\utils.js:298:28)\n    at new Promise (<anonymous>)\n    at callAsyncCircusFn (C:\\PC\\Codes\\validator0x\\node_modules\\jest-circus\\build\\utils.js:231:10)\n    at _callCircusTest (C:\\PC\\Codes\\validator0x\\node_modules\\jest-circus\\build\\run.js:316:40)\n    at processTicksAndRejections (node:internal/process/task_queues:105:5)\n    at _runTest (C:\\PC\\Codes\\validator0x\\node_modules\\jest-circus\\build\\run.js:252:3)\n    at _runTestsForDescribeBlock (C:\\PC\\Codes\\validator0x\\node_modules\\jest-circus\\build\\run.js:126:9)\n    at _runTestsForDescribeBlock (C:\\PC\\Codes\\validator0x\\node_modules\\jest-circus\\build\\run.js:121:9)\n    at _runTestsForDescribeBlock (C:\\PC\\Codes\\validator0x\\node_modules\\jest-circus\\build\\run.js:121:9)\n    at run (C:\\PC\\Codes\\validator0x\\node_modules\\jest-circus\\build\\run.js:71:3)\n    at runAndTransformResultsToJestFormat (C:\\PC\\Codes\\validator0x\\node_modules\\jest-circus\\build\\legacy-code-todo-rewrite\\jestAdapterInit.js:122:21)\n    at jestAdapter (C:\\PC\\Codes\\validator0x\\node_modules\\jest-circus\\build\\legacy-code-todo-rewrite\\jestAdapter.js:79:19)\n    at runTestInternal (C:\\PC\\Codes\\validator0x\\node_modules\\jest-runner\\build\\runTest.js:367:16)\n    at runTest (C:\\PC\\Codes\\validator0x\\node_modules\\jest-runner\\build\\runTest.js:444:34)\n    at Object.worker (C:\\PC\\Codes\\validator0x\\node_modules\\jest-runner\\build\\testWorker.js:106:12)"],"fullName":"Ethereum Validator Formatting should shorten address","invocations":1,"location":null,"numPassingAsserts":0,"retryReasons":[],"status":"failed","title":"should shorten address"}],"endTime":1769517577663,"message":"\u001b[1m\u001b[31m  \u001b[1m● \u001b[22m\u001b[1mEthereum Validator › Valid Addresses › should validate non-prefixed checksummed address after formatting\u001b[39m\u001b[22m\n\n    \u001b[2mexpect(\u001b[22m\u001b[31mreceived\u001b[39m\u001b[2m).\u001b[22mtoBe\u001b[2m(\u001b[22m\u001b[32mexpected\u001b[39m\u001b[2m) // Object.is equality\u001b[22m\n\n    Expected: \u001b[32mfalse\u001b[39m\n    Received: \u001b[31mtrue\u001b[39m\n\u001b[2m\u001b[22m\n\u001b[2m    \u001b[0m \u001b[90m 28 |\u001b[39m             \u001b[90m// validation alone should fail (by design)\u001b[39m\u001b[22m\n\u001b[2m     \u001b[90m 29 |\u001b[39m             \u001b[36mconst\u001b[39m validation \u001b[33m=\u001b[39m validateAddress(raw\u001b[33m,\u001b[39m \u001b[32m'ethereum'\u001b[39m)\u001b[33m;\u001b[39m\u001b[22m\n\u001b[2m    \u001b[31m\u001b[1m>\u001b[22m\u001b[2m\u001b[39m\u001b[90m 30 |\u001b[39m             expect(validation\u001b[33m.\u001b[39mvalid)\u001b[33m.\u001b[39mtoBe(\u001b[36mfalse\u001b[39m)\u001b[33m;\u001b[39m\u001b[22m\n\u001b[2m     \u001b[90m    |\u001b[39m                                      \u001b[31m\u001b[1m^\u001b[22m\u001b[2m\u001b[39m\u001b[22m\n\u001b[2m     \u001b[90m 31 |\u001b[39m\u001b[22m\n\u001b[2m     \u001b[90m 32 |\u001b[39m             \u001b[90m// formatting should normalize it\u001b[39m\u001b[22m\n\u001b[2m     \u001b[90m 33 |\u001b[39m             \u001b[36mconst\u001b[39m formatted \u001b[33m=\u001b[39m formatAddress(raw\u001b[33m,\u001b[39m \u001b[32m'ethereum'\u001b[39m\u001b[33m,\u001b[39m { checksum\u001b[33m:\u001b[39m \u001b[36mtrue\u001b[39m })\u001b[33m;\u001b[39m\u001b[0m\u001b[22m\n\u001b[2m\u001b[22m\n\u001b[2m      \u001b[2mat Object.<anonymous> (\u001b[22m\u001b[2m\u001b[0m\u001b[36mtests/ethereum.test.ts\u001b[39m\u001b[0m\u001b[2m:30:38)\u001b[22m\u001b[2m\u001b[22m\n\n\u001b[1m\u001b[31m  \u001b[1m● \u001b[22m\u001b[1mEthereum Validator › Formatting › should shorten address\u001b[39m\u001b[22m\n\n    \u001b[2mexpect(\u001b[22m\u001b[31mreceived\u001b[39m\u001b[2m).\u001b[22mtoBe\u001b[2m(\u001b[22m\u001b[32mexpected\u001b[39m\u001b[2m) // Object.is equality\u001b[22m\n\n    Expected: \u001b[32m\"0xd8d\u001b[7ma\u001b[27m...6045\"\u001b[39m\n    Received: \u001b[31m\"0xd8d\u001b[7mA\u001b[27m...6045\"\u001b[39m\n\u001b[2m\u001b[22m\n\u001b[2m    \u001b[0m \u001b[90m 105 |\u001b[39m             )\u001b[33m;\u001b[39m\u001b[22m\n\u001b[2m     \u001b[90m 106 |\u001b[39m\u001b[22m\n\u001b[2m    \u001b[31m\u001b[1m>\u001b[22m\u001b[2m\u001b[39m\u001b[90m 107 |\u001b[39m             expect(shortened)\u001b[33m.\u001b[39mtoBe(\u001b[32m'0xd8da...6045'\u001b[39m)\u001b[33m;\u001b[39m\u001b[22m\n\u001b[2m     \u001b[90m     |\u001b[39m                               \u001b[31m\u001b[1m^\u001b[22m\u001b[2m\u001b[39m\u001b[22m\n\u001b[2m     \u001b[90m 108 |\u001b[39m         })\u001b[33m;\u001b[39m\u001b[22m\n\u001b[2m     \u001b[90m 109 |\u001b[39m     })\u001b[33m;\u001b[39m\u001b[22m\n\u001b[2m     \u001b[90m 110 |\u001b[39m })\u001b[33m;\u001b[39m\u001b[0m\u001b[22m\n\u001b[2m\u001b[22m\n\u001b[2m      \u001b[2mat Object.<anonymous> (\u001b[22m\u001b[2m\u001b[0m\u001b[36mtests/ethereum.test.ts\u001b[39m\u001b[0m\u001b[2m:107:31)\u001b[22m\u001b[2m\u001b[22m\n","name":"C:\\PC\\Codes\\validator0x\\tests\\ethereum.test.ts","startTime":1769517575825,"status":"failed","summary":""},{"assertionResults":[{"ancestorTitles":["Solana Validator","Valid Addresses"],"duration":7,"failureDetails":[],"failureMessages":[],"fullName":"Solana Validator Valid Addresses should validate valid Solana address","invocations":1,"location":null,"numPassingAsserts":2,"retryReasons":[],"status":"passed","title":"should validate valid Solana address"},{"ancestorTitles":["Solana Validator","Valid Addresses"],"duration":0,"failureDetails":[],"failureMessages":[],"fullName":"Solana Validator Valid Addresses should validate system program","invocations":1,"location":null,"numPassingAsserts":2,"retryReasons":[],"status":"passed","title":"should validate system program"},{"ancestorTitles":["Solana Validator","Invalid Addresses"],"duration":0,"failureDetails":[],"failureMessages":[],"fullName":"Solana Validator Invalid Addresses should reject too short","invocations":1,"location":null,"numPassingAsserts":2,"retryReasons":[],"status":"passed","title":"should reject too short"},{"ancestorTitles":["Solana Validator","Invalid Addresses"],"duration":1,"failureDetails":[],"failureMessages":[],"fullName":"Solana Validator Invalid Addresses should reject invalid base58 chars","invocations":1,"location":null,"numPassingAsserts":2,"retryReasons":[],"status":"passed","title":"should reject invalid base58 chars"}],"endTime":1769517577679,"message":"","name":"C:\\PC\\Codes\\validator0x\\tests\\solana.test.ts","startTime":1769517575828,"status":"passed","summary":""}],"wasInterrupted":false}
