{"total": {"lines":{"total":269,"covered":240,"skipped":0,"pct":89.21},"statements":{"total":292,"covered":257,"skipped":0,"pct":88.01},"functions":{"total":29,"covered":28,"skipped":0,"pct":96.55},"branches":{"total":123,"covered":95,"skipped":0,"pct":77.23},"branchesTrue":{"total":0,"covered":0,"skipped":0,"pct":100}}
,"C:\\PC\\Codes\\validator0x\\src\\detectors\\chain-detector.ts": {"lines":{"total":14,"covered":14,"skipped":0,"pct":100},"functions":{"total":1,"covered":1,"skipped":0,"pct":100},"statements":{"total":14,"covered":14,"skipped":0,"pct":100},"branches":{"total":10,"covered":10,"skipped":0,"pct":100}}
,"C:\\PC\\Codes\\validator0x\\src\\formatters\\index.ts": {"lines":{"total":13,"covered":13,"skipped":0,"pct":100},"functions":{"total":3,"covered":3,"skipped":0,"pct":100},"statements":{"total":14,"covered":14,"skipped":0,"pct":100},"branches":{"total":10,"covered":10,"skipped":0,"pct":100}}
,"C:\\PC\\Codes\\validator0x\\src\\security\\sanitizer.ts": {"lines":{"total":12,"covered":12,"skipped":0,"pct":100},"functions":{"total":1,"covered":1,"skipped":0,"pct":100},"statements":{"total":12,"covered":12,"skipped":0,"pct":100},"branches":{"total":6,"covered":6,"skipped":0,"pct":100}}
,"C:\\PC\\Codes\\validator0x\\src\\utils\\base58.ts": {"lines":{"total":53,"covered":52,"skipped":0,"pct":98.11},"functions":{"total":3,"covered":3,"skipped":0,"pct":100},"statements":{"total":64,"covered":61,"skipped":0,"pct":95.31},"branches":{"total":9,"covered":7,"skipped":0,"pct":77.77}}
,"C:\\PC\\Codes\\validator0x\\src\\utils\\bech32.ts": {"lines":{"total":39,"covered":39,"skipped":0,"pct":100},"functions":{"total":5,"covered":5,"skipped":0,"pct":100},"statements":{"total":47,"covered":45,"skipped":0,"pct":95.74},"branches":{"total":17,"covered":15,"skipped":0,"pct":88.23}}
,"C:\\PC\\Codes\\validator0x\\src\\utils\\hex.ts": {"lines":{"total":10,"covered":9,"skipped":0,"pct":90},"functions":{"total":3,"covered":3,"skipped":0,"pct":100},"statements":{"total":11,"covered":9,"skipped":0,"pct":81.81},"branches":{"total":10,"covered":7,"skipped":0,"pct":70}}
,"C:\\PC\\Codes\\validator0x\\src\\validators\\base.ts": {"lines":{"total":9,"covered":6,"skipped":0,"pct":66.66},"functions":{"total":1,"covered":1,"skipped":0,"pct":100},"statements":{"total":9,"covered":6,"skipped":0,"pct":66.66},"branches":{"total":1,"covered":0,"skipped":0,"pct":0}}
,"C:\\PC\\Codes\\validator0x\\src\\validators\\bitcoin.ts": {"lines":{"total":52,"covered":33,"skipped":0,"pct":63.46},"functions":{"total":4,"covered":3,"skipped":0,"pct":75},"statements":{"total":52,"covered":33,"skipped":0,"pct":63.46},"branches":{"total":30,"covered":15,"skipped":0,"pct":50}}
,"C:\\PC\\Codes\\validator0x\\src\\validators\\ethereum.ts": {"lines":{"total":42,"covered":39,"skipped":0,"pct":92.85},"functions":{"total":5,"covered":5,"skipped":0,"pct":100},"statements":{"total":44,"covered":40,"skipped":0,"pct":90.9},"branches":{"total":20,"covered":17,"skipped":0,"pct":85}}
,"C:\\PC\\Codes\\validator0x\\src\\validators\\polygon.ts": {"lines":{"total":6,"covered":6,"skipped":0,"pct":100},"functions":{"total":1,"covered":1,"skipped":0,"pct":100},"statements":{"total":6,"covered":6,"skipped":0,"pct":100},"branches":{"total":1,"covered":1,"skipped":0,"pct":100}}
,"C:\\PC\\Codes\\validator0x\\src\\validators\\solana.ts": {"lines":{"total":19,"covered":17,"skipped":0,"pct":89.47},"functions":{"total":2,"covered":2,"skipped":0,"pct":100},"statements":{"total":19,"covered":17,"skipped":0,"pct":89.47},"branches":{"total":9,"covered":7,"skipped":0,"pct":77.77}}
}
