{"total": {"lines":{"total":468,"covered":432,"skipped":0,"pct":92.3},"statements":{"total":496,"covered":454,"skipped":0,"pct":91.53},"functions":{"total":47,"covered":46,"skipped":0,"pct":97.87},"branches":{"total":228,"covered":193,"skipped":0,"pct":84.64},"branchesTrue":{"total":0,"covered":0,"skipped":0,"pct":100}}
,"C:\\PC\\Codes\\validator0x\\src\\detectors\\chain-detector.ts": {"lines":{"total":30,"covered":30,"skipped":0,"pct":100},"functions":{"total":1,"covered":1,"skipped":0,"pct":100},"statements":{"total":30,"covered":30,"skipped":0,"pct":100},"branches":{"total":30,"covered":30,"skipped":0,"pct":100}}
,"C:\\PC\\Codes\\validator0x\\src\\formatters\\index.ts": {"lines":{"total":13,"covered":13,"skipped":0,"pct":100},"functions":{"total":3,"covered":3,"skipped":0,"pct":100},"statements":{"total":14,"covered":14,"skipped":0,"pct":100},"branches":{"total":10,"covered":10,"skipped":0,"pct":100}}
,"C:\\PC\\Codes\\validator0x\\src\\security\\sanitizer.ts": {"lines":{"total":12,"covered":12,"skipped":0,"pct":100},"functions":{"total":1,"covered":1,"skipped":0,"pct":100},"statements":{"total":12,"covered":12,"skipped":0,"pct":100},"branches":{"total":6,"covered":6,"skipped":0,"pct":100}}
,"C:\\PC\\Codes\\validator0x\\src\\utils\\base58.ts": {"lines":{"total":53,"covered":52,"skipped":0,"pct":98.11},"functions":{"total":3,"covered":3,"skipped":0,"pct":100},"statements":{"total":64,"covered":61,"skipped":0,"pct":95.31},"branches":{"total":9,"covered":7,"skipped":0,"pct":77.77}}
,"C:\\PC\\Codes\\validator0x\\src\\utils\\bech32.ts": {"lines":{"total":39,"covered":39,"skipped":0,"pct":100},"functions":{"total":5,"covered":5,"skipped":0,"pct":100},"statements":{"total":47,"covered":46,"skipped":0,"pct":97.87},"branches":{"total":17,"covered":16,"skipped":0,"pct":94.11}}
,"C:\\PC\\Codes\\validator0x\\src\\utils\\hex.ts": {"lines":{"total":10,"covered":9,"skipped":0,"pct":90},"functions":{"total":3,"covered":3,"skipped":0,"pct":100},"statements":{"total":11,"covered":9,"skipped":0,"pct":81.81},"branches":{"total":10,"covered":7,"skipped":0,"pct":70}}
,"C:\\PC\\Codes\\validator0x\\src\\validators\\base.ts": {"lines":{"total":9,"covered":8,"skipped":0,"pct":88.88},"functions":{"total":1,"covered":1,"skipped":0,"pct":100},"statements":{"total":9,"covered":8,"skipped":0,"pct":88.88},"branches":{"total":1,"covered":1,"skipped":0,"pct":100}}
,"C:\\PC\\Codes\\validator0x\\src\\validators\\bitcoin.ts": {"lines":{"total":52,"covered":40,"skipped":0,"pct":76.92},"functions":{"total":4,"covered":4,"skipped":0,"pct":100},"statements":{"total":52,"covered":40,"skipped":0,"pct":76.92},"branches":{"total":30,"covered":19,"skipped":0,"pct":63.33}}
,"C:\\PC\\Codes\\validator0x\\src\\validators\\cardano.ts": {"lines":{"total":28,"covered":21,"skipped":0,"pct":75},"functions":{"total":4,"covered":3,"skipped":0,"pct":75},"statements":{"total":28,"covered":21,"skipped":0,"pct":75},"branches":{"total":19,"covered":14,"skipped":0,"pct":73.68}}
,"C:\\PC\\Codes\\validator0x\\src\\validators\\dogecoin.ts": {"lines":{"total":25,"covered":24,"skipped":0,"pct":96},"functions":{"total":2,"covered":2,"skipped":0,"pct":100},"statements":{"total":25,"covered":24,"skipped":0,"pct":96},"branches":{"total":16,"covered":16,"skipped":0,"pct":100}}
,"C:\\PC\\Codes\\validator0x\\src\\validators\\ethereum.ts": {"lines":{"total":42,"covered":39,"skipped":0,"pct":92.85},"functions":{"total":5,"covered":5,"skipped":0,"pct":100},"statements":{"total":44,"covered":40,"skipped":0,"pct":90.9},"branches":{"total":20,"covered":17,"skipped":0,"pct":85}}
,"C:\\PC\\Codes\\validator0x\\src\\validators\\evm.ts": {"lines":{"total":26,"covered":26,"skipped":0,"pct":100},"functions":{"total":5,"covered":5,"skipped":0,"pct":100},"statements":{"total":26,"covered":26,"skipped":0,"pct":100},"branches":{"total":5,"covered":5,"skipped":0,"pct":100}}
,"C:\\PC\\Codes\\validator0x\\src\\validators\\litecoin.ts": {"lines":{"total":46,"covered":36,"skipped":0,"pct":78.26},"functions":{"total":4,"covered":4,"skipped":0,"pct":100},"statements":{"total":46,"covered":36,"skipped":0,"pct":78.26},"branches":{"total":27,"covered":19,"skipped":0,"pct":70.37}}
,"C:\\PC\\Codes\\validator0x\\src\\validators\\polygon.ts": {"lines":{"total":6,"covered":6,"skipped":0,"pct":100},"functions":{"total":1,"covered":1,"skipped":0,"pct":100},"statements":{"total":6,"covered":6,"skipped":0,"pct":100},"branches":{"total":1,"covered":1,"skipped":0,"pct":100}}
,"C:\\PC\\Codes\\validator0x\\src\\validators\\ripple.ts": {"lines":{"total":58,"covered":58,"skipped":0,"pct":100},"functions":{"total":3,"covered":3,"skipped":0,"pct":100},"statements":{"total":63,"covered":62,"skipped":0,"pct":98.41},"branches":{"total":18,"covered":17,"skipped":0,"pct":94.44}}
,"C:\\PC\\Codes\\validator0x\\src\\validators\\solana.ts": {"lines":{"total":19,"covered":19,"skipped":0,"pct":100},"functions":{"total":2,"covered":2,"skipped":0,"pct":100},"statements":{"total":19,"covered":19,"skipped":0,"pct":100},"branches":{"total":9,"covered":8,"skipped":0,"pct":88.88}}
}
