TN:
SF:src\detectors\chain-detector.ts
FN:12,detectBlockchain
FNF:1
FNH:0
FNDA:0,detectBlockchain
DA:2,1
DA:3,1
DA:4,1
DA:6,1
DA:12,1
DA:14,0
DA:16,0
DA:17,0
DA:22,0
DA:23,0
DA:24,0
DA:30,0
DA:31,0
DA:34,0
LF:14
LH:5
BRDA:14,0,0,0
BRDA:14,1,0,0
BRDA:14,1,1,0
BRDA:16,2,0,0
BRDA:22,3,0,0
BRDA:22,4,0,0
BRDA:22,4,1,0
BRDA:22,4,2,0
BRDA:23,5,0,0
BRDA:30,6,0,0
BRF:10
BRH:0
end_of_record
TN:
SF:src\formatters\index.ts
FN:5,shortenAddress
FN:10,normalizeAddress
FN:18,addChecksum
FNF:3
FNH:0
FNDA:0,shortenAddress
FNDA:0,normalizeAddress
FNDA:0,addChecksum
DA:2,1
DA:5,1
DA:6,0
DA:7,0
DA:10,1
DA:11,0
DA:12,0
DA:15,0
DA:18,1
DA:19,0
DA:23,0
DA:24,0
DA:26,0
LF:13
LH:4
BRDA:5,0,0,0
BRDA:6,1,0,0
BRDA:6,2,0,0
BRDA:6,2,1,0
BRDA:11,3,0,0
BRDA:11,4,0,0
BRDA:11,4,1,0
BRDA:19,5,0,0
BRDA:19,6,0,0
BRDA:19,6,1,0
BRF:10
BRH:0
end_of_record
TN:
SF:src\security\sanitizer.ts
FN:4,(anonymous_0)
FNF:1
FNH:1
FNDA:8,(anonymous_0)
DA:1,1
DA:3,1
DA:5,8
DA:6,0
DA:9,8
DA:10,0
DA:14,8
DA:17,8
DA:18,0
DA:23,8
DA:24,0
DA:27,8
LF:12
LH:8
BRDA:5,0,0,0
BRDA:5,1,0,8
BRDA:5,1,1,8
BRDA:9,2,0,0
BRDA:17,3,0,0
BRDA:23,4,0,0
BRF:6
BRH:2
end_of_record
TN:
SF:src\utils\base58.ts
FN:10,encodeBase58
FN:37,(anonymous_1)
FN:40,decodeBase58
FNF:3
FNH:0
FNDA:0,encodeBase58
FNDA:0,(anonymous_1)
FNDA:0,decodeBase58
DA:1,1
DA:2,1
DA:3,1
DA:5,1
DA:6,1
DA:7,58
DA:10,1
DA:11,0
DA:13,0
DA:15,0
DA:16,0
DA:17,0
DA:19,0
DA:21,0
DA:22,0
DA:23,0
DA:24,0
DA:25,0
DA:27,0
DA:28,0
DA:29,0
DA:33,0
DA:34,0
DA:37,0
DA:40,1
DA:41,0
DA:43,0
DA:44,0
DA:45,0
DA:47,0
DA:49,0
DA:51,0
DA:52,0
DA:53,0
DA:54,0
DA:55,0
DA:58,0
DA:59,0
DA:61,0
DA:63,0
DA:64,0
DA:65,0
DA:66,0
DA:67,0
DA:69,0
DA:70,0
DA:71,0
DA:97,0
DA:98,0
DA:100,0
DA:139,0
DA:140,0
DA:143,0
LF:53
LH:8
BRDA:11,0,0,0
BRDA:33,1,0,0
BRDA:33,1,1,0
BRDA:41,2,0,0
BRDA:44,3,0,0
BRDA:44,3,1,0
BRDA:54,4,0,0
BRDA:97,5,0,0
BRDA:97,5,1,0
BRF:9
BRH:0
end_of_record
TN:
SF:src\utils\bech32.ts
FN:3,(anonymous_0)
FN:10,polymod
FN:24,hrpExpand
FN:36,verifyChecksum
FN:47,decodeBech32
FNF:5
FNH:1
FNDA:1,(anonymous_0)
FNDA:0,polymod
FNDA:0,hrpExpand
FNDA:0,verifyChecksum
FNDA:0,decodeBech32
DA:1,1
DA:3,1
DA:4,1
DA:5,1
DA:8,1
DA:11,0
DA:12,0
DA:13,0
DA:14,0
DA:15,0
DA:16,0
DA:17,0
DA:21,0
DA:25,0
DA:26,0
DA:27,0
DA:29,0
DA:30,0
DA:31,0
DA:33,0
DA:37,0
DA:38,0
DA:47,1
DA:48,0
DA:49,0
DA:52,0
DA:54,0
DA:55,0
DA:57,0
DA:59,0
DA:60,0
DA:61,0
DA:62,0
DA:63,0
DA:67,0
DA:68,0
DA:72,0
DA:73,0
DA:76,0
LF:39
LH:6
BRDA:3,0,0,1
BRDA:3,0,1,1
BRDA:16,1,0,0
BRDA:37,2,0,0
BRDA:37,2,1,0
BRDA:48,3,0,0
BRDA:48,4,0,0
BRDA:48,4,1,0
BRDA:52,5,0,0
BRDA:52,6,0,0
BRDA:52,6,1,0
BRDA:55,7,0,0
BRDA:55,8,0,0
BRDA:55,8,1,0
BRDA:62,9,0,0
BRDA:67,10,0,0
BRDA:72,11,0,0
BRF:17
BRH:2
end_of_record
TN:
SF:src\utils\hex.ts
FN:1,isHex
FN:16,stripHexPrefix
FN:20,addHexPrefix
FNF:3
FNH:3
FNDA:7,isHex
FNDA:26,stripHexPrefix
FNDA:4,addHexPrefix
DA:1,1
DA:2,7
DA:5,7
DA:8,7
DA:9,0
DA:13,7
DA:16,1
DA:17,26
DA:20,1
DA:21,4
LF:10
LH:9
BRDA:2,0,0,0
BRDA:5,1,0,0
BRDA:5,1,1,7
BRDA:8,2,0,0
BRDA:8,3,0,7
BRDA:8,3,1,0
BRDA:17,4,0,14
BRDA:17,4,1,12
BRDA:21,5,0,0
BRDA:21,5,1,4
BRF:10
BRH:5
end_of_record
TN:
SF:src\validators\base.ts
FN:10,(anonymous_0)
FNF:1
FNH:1
FNDA:8,(anonymous_0)
DA:1,1
DA:2,1
DA:4,1
DA:11,8
DA:13,8
DA:16,8
DA:18,0
DA:19,0
DA:21,0
LF:9
LH:6
BRDA:18,0,0,0
BRF:1
BRH:0
end_of_record
TN:
SF:src\validators\bitcoin.ts
FN:8,(anonymous_0)
FN:22,(anonymous_1)
FN:48,(anonymous_2)
FN:93,(anonymous_3)
FNF:4
FNH:0
FNDA:0,(anonymous_0)
FNDA:0,(anonymous_1)
FNDA:0,(anonymous_2)
FNDA:0,(anonymous_3)
DA:1,1
DA:2,1
DA:3,1
DA:4,1
DA:5,1
DA:7,1
DA:10,0
DA:11,0
DA:15,0
DA:16,0
DA:19,0
DA:23,0
DA:24,0
DA:26,0
DA:27,0
DA:28,0
DA:29,0
DA:33,0
DA:34,0
DA:35,0
DA:36,0
DA:38,0
DA:39,0
DA:42,0
DA:44,0
DA:49,0
DA:50,0
DA:51,0
DA:54,0
DA:55,0
DA:58,0
DA:61,0
DA:62,0
DA:63,0
DA:65,0
DA:66,0
DA:68,0
DA:72,0
DA:73,0
DA:74,0
DA:76,0
DA:77,0
DA:79,0
DA:83,0
DA:84,0
DA:85,0
DA:87,0
DA:90,0
DA:94,0
DA:95,0
DA:96,0
DA:98,0
LF:52
LH:6
BRDA:10,0,0,0
BRDA:10,1,0,0
BRDA:10,1,1,0
BRDA:15,2,0,0
BRDA:23,3,0,0
BRDA:23,4,0,0
BRDA:23,4,1,0
BRDA:28,5,0,0
BRDA:38,6,0,0
BRDA:38,7,0,0
BRDA:38,7,1,0
BRDA:38,7,2,0
BRDA:38,7,3,0
BRDA:50,8,0,0
BRDA:54,9,0,0
BRDA:61,10,0,0
BRDA:62,11,0,0
BRDA:62,12,0,0
BRDA:62,12,1,0
BRDA:65,13,0,0
BRDA:72,14,0,0
BRDA:73,15,0,0
BRDA:76,16,0,0
BRDA:83,17,0,0
BRDA:83,18,0,0
BRDA:83,18,1,0
BRDA:84,19,0,0
BRDA:94,20,0,0
BRDA:95,21,0,0
BRDA:95,21,1,0
BRF:30
BRH:0
end_of_record
TN:
SF:src\validators\ethereum.ts
FN:7,(anonymous_0)
FN:47,(anonymous_1)
FN:62,(anonymous_2)
FN:67,(anonymous_3)
FN:80,(anonymous_4)
FNF:5
FNH:5
FNDA:8,(anonymous_0)
FNDA:2,(anonymous_1)
FNDA:4,(anonymous_2)
FNDA:3,(anonymous_3)
FNDA:8,(anonymous_4)
DA:1,1
DA:2,1
DA:3,1
DA:4,1
DA:6,1
DA:8,8
DA:12,8
DA:14,1
DA:18,7
DA:20,1
DA:24,6
DA:26,1
DA:30,5
DA:31,3
DA:33,1
DA:37,4
DA:48,2
DA:50,2
DA:51,1
DA:54,2
DA:55,1
DA:56,1
DA:59,1
DA:63,4
DA:64,4
DA:68,3
DA:71,3
DA:72,0
DA:76,3
DA:77,3
DA:81,8
DA:82,8
DA:83,8
DA:84,8
DA:85,8
DA:87,8
DA:88,320
DA:89,160
DA:91,160
DA:94,8
DA:96,0
DA:97,0
LF:42
LH:39
BRDA:12,0,0,1
BRDA:18,1,0,1
BRDA:24,2,0,1
BRDA:30,3,0,3
BRDA:30,4,0,5
BRDA:30,4,1,4
BRDA:30,4,2,3
BRDA:31,5,0,1
BRDA:48,6,0,2
BRDA:48,6,1,0
BRDA:50,7,0,1
BRDA:54,8,0,1
BRDA:55,9,0,1
BRDA:55,9,1,1
BRDA:71,10,0,0
BRDA:71,11,0,3
BRDA:71,11,1,3
BRDA:82,12,0,0
BRDA:88,13,0,160
BRDA:88,13,1,160
BRF:20
BRH:17
end_of_record
TN:
SF:src\validators\polygon.ts
FN:5,(anonymous_0)
FNF:1
FNH:0
FNDA:0,(anonymous_0)
DA:1,1
DA:4,1
DA:6,0
DA:7,0
DA:8,0
DA:10,0
LF:6
LH:2
BRDA:7,0,0,0
BRF:1
BRH:0
end_of_record
TN:
SF:src\validators\solana.ts
FN:6,(anonymous_0)
FN:38,(anonymous_1)
FNF:2
FNH:0
FNDA:0,(anonymous_0)
FNDA:0,(anonymous_1)
DA:1,1
DA:2,1
DA:3,1
DA:5,1
DA:7,0
DA:8,0
DA:11,0
DA:12,0
DA:13,0
DA:14,0
DA:17,0
DA:22,0
DA:27,0
DA:28,0
DA:32,0
DA:39,0
DA:40,0
DA:41,0
DA:43,0
LF:19
LH:4
BRDA:7,0,0,0
BRDA:7,1,0,0
BRDA:7,1,1,0
BRDA:13,2,0,0
BRDA:22,3,0,0
BRDA:27,4,0,0
BRDA:39,5,0,0
BRDA:40,6,0,0
BRDA:40,6,1,0
BRF:9
BRH:0
end_of_record
