TN:
SF:src\detectors\chain-detector.ts
FN:12,detectBlockchain
FNF:1
FNH:1
FNDA:5,detectBlockchain
DA:2,6
DA:3,6
DA:4,6
DA:6,6
DA:12,6
DA:14,5
DA:16,1
DA:17,1
DA:22,4
DA:23,2
DA:24,2
DA:30,2
DA:31,1
DA:34,1
LF:14
LH:14
BRDA:14,0,0,1
BRDA:14,1,0,5
BRDA:14,1,1,1
BRDA:16,2,0,1
BRDA:22,3,0,2
BRDA:22,4,0,4
BRDA:22,4,1,3
BRDA:22,4,2,3
BRDA:23,5,0,2
BRDA:30,6,0,1
BRF:10
BRH:10
end_of_record
TN:
SF:src\formatters\index.ts
FN:5,shortenAddress
FN:10,normalizeAddress
FN:18,addChecksum
FNF:3
FNH:3
FNDA:2,shortenAddress
FNDA:3,normalizeAddress
FNDA:2,addChecksum
DA:2,6
DA:5,6
DA:6,2
DA:7,1
DA:10,6
DA:11,3
DA:12,2
DA:15,1
DA:18,6
DA:19,2
DA:23,1
DA:24,1
DA:26,1
LF:13
LH:13
BRDA:5,0,0,2
BRDA:6,1,0,1
BRDA:6,2,0,2
BRDA:6,2,1,2
BRDA:11,3,0,2
BRDA:11,4,0,3
BRDA:11,4,1,2
BRDA:19,5,0,1
BRDA:19,6,0,2
BRDA:19,6,1,1
BRF:10
BRH:10
end_of_record
TN:
SF:src\security\sanitizer.ts
FN:4,(anonymous_0)
FNF:1
FNH:1
FNDA:35,(anonymous_0)
DA:1,7
DA:3,7
DA:5,35
DA:6,2
DA:9,33
DA:10,2
DA:14,31
DA:17,31
DA:18,1
DA:23,30
DA:24,1
DA:27,29
LF:12
LH:12
BRDA:5,0,0,2
BRDA:5,1,0,35
BRDA:5,1,1,34
BRDA:9,2,0,2
BRDA:17,3,0,1
BRDA:23,4,0,1
BRF:6
BRH:6
end_of_record
TN:
SF:src\utils\base58.ts
FN:10,encodeBase58
FN:37,(anonymous_1)
FN:40,decodeBase58
FNF:3
FNH:3
FNDA:1,encodeBase58
FNDA:15,(anonymous_1)
FNDA:7,decodeBase58
DA:1,7
DA:2,7
DA:3,7
DA:5,7
DA:6,7
DA:7,406
DA:10,7
DA:11,1
DA:13,1
DA:15,1
DA:16,11
DA:17,79
DA:19,11
DA:21,11
DA:22,11
DA:23,79
DA:24,79
DA:25,79
DA:27,11
DA:28,14
DA:29,14
DA:33,1
DA:34,0
DA:37,15
DA:40,7
DA:41,7
DA:43,7
DA:44,7
DA:45,34
DA:47,7
DA:49,7
DA:51,7
DA:52,213
DA:53,213
DA:54,213
DA:55,1
DA:58,212
DA:59,2955
DA:61,212
DA:63,212
DA:64,212
DA:65,2955
DA:66,2955
DA:67,2955
DA:69,212
DA:70,149
DA:71,149
DA:97,6
DA:98,1
DA:100,5
DA:139,6
DA:140,34
DA:143,6
LF:53
LH:52
BRDA:11,0,0,0
BRDA:33,1,0,1
BRDA:33,1,1,1
BRDA:41,2,0,0
BRDA:44,3,0,41
BRDA:44,3,1,40
BRDA:54,4,0,1
BRDA:97,5,0,1
BRDA:97,5,1,5
BRF:9
BRH:7
end_of_record
TN:
SF:src\utils\bech32.ts
FN:3,(anonymous_0)
FN:10,polymod
FN:24,hrpExpand
FN:36,verifyChecksum
FN:47,decodeBech32
FNF:5
FNH:5
FNDA:7,(anonymous_0)
FNDA:7,polymod
FNDA:7,hrpExpand
FNDA:7,verifyChecksum
FNDA:7,decodeBech32
DA:1,7
DA:3,7
DA:4,7
DA:5,7
DA:8,7
DA:11,7
DA:12,7
DA:13,348
DA:14,348
DA:15,348
DA:16,1740
DA:17,782
DA:21,7
DA:25,7
DA:26,7
DA:27,14
DA:29,7
DA:30,7
DA:31,14
DA:33,7
DA:37,7
DA:38,7
DA:47,7
DA:48,7
DA:49,6
DA:52,6
DA:54,5
DA:55,5
DA:57,5
DA:59,5
DA:60,5
DA:61,215
DA:62,215
DA:63,215
DA:67,5
DA:68,3
DA:72,2
DA:73,1
DA:76,1
LF:39
LH:39
BRDA:3,0,0,7
BRDA:3,0,1,7
BRDA:16,1,0,782
BRDA:37,2,0,2
BRDA:37,2,1,5
BRDA:48,3,0,1
BRDA:48,4,0,7
BRDA:48,4,1,6
BRDA:52,5,0,1
BRDA:52,6,0,6
BRDA:52,6,1,1
BRDA:55,7,0,0
BRDA:55,8,0,5
BRDA:55,8,1,5
BRDA:62,9,0,0
BRDA:67,10,0,3
BRDA:72,11,0,1
BRF:17
BRH:15
end_of_record
TN:
SF:src\utils\hex.ts
FN:1,isHex
FN:16,stripHexPrefix
FN:20,addHexPrefix
FNF:3
FNH:3
FNDA:15,isHex
FNDA:56,stripHexPrefix
FNDA:10,addHexPrefix
DA:1,7
DA:2,15
DA:5,15
DA:8,15
DA:9,0
DA:13,15
DA:16,7
DA:17,56
DA:20,7
DA:21,10
LF:10
LH:9
BRDA:2,0,0,0
BRDA:5,1,0,1
BRDA:5,1,1,14
BRDA:8,2,0,0
BRDA:8,3,0,15
BRDA:8,3,1,0
BRDA:17,4,0,31
BRDA:17,4,1,25
BRDA:21,5,0,1
BRDA:21,5,1,9
BRF:10
BRH:7
end_of_record
TN:
SF:src\validators\base.ts
FN:10,(anonymous_0)
FNF:1
FNH:1
FNDA:27,(anonymous_0)
DA:1,6
DA:2,6
DA:4,6
DA:11,27
DA:13,27
DA:16,27
DA:18,0
DA:19,0
DA:21,0
LF:9
LH:6
BRDA:18,0,0,0
BRF:1
BRH:0
end_of_record
TN:
SF:src\validators\bitcoin.ts
FN:8,(anonymous_0)
FN:22,(anonymous_1)
FN:48,(anonymous_2)
FN:93,(anonymous_3)
FNF:4
FNH:3
FNDA:7,(anonymous_0)
FNDA:2,(anonymous_1)
FNDA:5,(anonymous_2)
FNDA:0,(anonymous_3)
DA:1,6
DA:2,6
DA:3,6
DA:4,6
DA:5,6
DA:7,6
DA:10,7
DA:11,2
DA:15,5
DA:16,5
DA:19,0
DA:23,2
DA:24,0
DA:26,2
DA:27,2
DA:28,2
DA:29,0
DA:33,2
DA:34,2
DA:35,2
DA:36,2
DA:38,2
DA:39,0
DA:42,2
DA:44,0
DA:49,5
DA:50,5
DA:51,2
DA:54,3
DA:55,0
DA:58,3
DA:61,3
DA:62,2
DA:63,0
DA:65,2
DA:66,0
DA:68,2
DA:72,1
DA:73,1
DA:74,0
DA:76,1
DA:77,0
DA:79,1
DA:83,0
DA:84,0
DA:85,0
DA:87,0
DA:90,0
DA:94,0
DA:95,0
DA:96,0
DA:98,0
LF:52
LH:33
BRDA:10,0,0,2
BRDA:10,1,0,7
BRDA:10,1,1,5
BRDA:15,2,0,5
BRDA:23,3,0,0
BRDA:23,4,0,2
BRDA:23,4,1,2
BRDA:28,5,0,0
BRDA:38,6,0,0
BRDA:38,7,0,2
BRDA:38,7,1,2
BRDA:38,7,2,2
BRDA:38,7,3,2
BRDA:50,8,0,2
BRDA:54,9,0,0
BRDA:61,10,0,2
BRDA:62,11,0,0
BRDA:62,12,0,2
BRDA:62,12,1,2
BRDA:65,13,0,0
BRDA:72,14,0,1
BRDA:73,15,0,0
BRDA:76,16,0,0
BRDA:83,17,0,0
BRDA:83,18,0,0
BRDA:83,18,1,0
BRDA:84,19,0,0
BRDA:94,20,0,0
BRDA:95,21,0,0
BRDA:95,21,1,0
BRF:30
BRH:15
end_of_record
TN:
SF:src\validators\ethereum.ts
FN:7,(anonymous_0)
FN:47,(anonymous_1)
FN:62,(anonymous_2)
FN:67,(anonymous_3)
FN:80,(anonymous_4)
FNF:5
FNH:5
FNDA:14,(anonymous_0)
FNDA:5,(anonymous_1)
FNDA:8,(anonymous_2)
FNDA:7,(anonymous_3)
FNDA:18,(anonymous_4)
DA:1,6
DA:2,6
DA:3,6
DA:4,6
DA:6,6
DA:8,14
DA:12,14
DA:14,2
DA:18,12
DA:20,1
DA:24,11
DA:26,1
DA:30,10
DA:31,7
DA:33,2
DA:37,8
DA:48,5
DA:50,5
DA:51,3
DA:54,5
DA:55,2
DA:56,2
DA:59,3
DA:63,8
DA:64,8
DA:68,7
DA:71,7
DA:72,0
DA:76,7
DA:77,7
DA:81,18
DA:82,18
DA:83,18
DA:84,18
DA:85,18
DA:87,18
DA:88,720
DA:89,348
DA:91,372
DA:94,18
DA:96,0
DA:97,0
LF:42
LH:39
BRDA:12,0,0,2
BRDA:18,1,0,1
BRDA:24,2,0,1
BRDA:30,3,0,7
BRDA:30,4,0,10
BRDA:30,4,1,8
BRDA:30,4,2,6
BRDA:31,5,0,2
BRDA:48,6,0,5
BRDA:48,6,1,0
BRDA:50,7,0,3
BRDA:54,8,0,2
BRDA:55,9,0,2
BRDA:55,9,1,2
BRDA:71,10,0,0
BRDA:71,11,0,7
BRDA:71,11,1,7
BRDA:82,12,0,0
BRDA:88,13,0,348
BRDA:88,13,1,372
BRF:20
BRH:17
end_of_record
TN:
SF:src\validators\polygon.ts
FN:5,(anonymous_0)
FNF:1
FNH:1
FNDA:5,(anonymous_0)
DA:1,6
DA:4,6
DA:6,5
DA:7,5
DA:8,3
DA:10,5
LF:6
LH:6
BRDA:7,0,0,3
BRF:1
BRH:1
end_of_record
TN:
SF:src\validators\solana.ts
FN:6,(anonymous_0)
FN:38,(anonymous_1)
FNF:2
FNH:2
FNDA:6,(anonymous_0)
FNDA:1,(anonymous_1)
DA:1,6
DA:2,6
DA:3,6
DA:5,6
DA:7,6
DA:8,2
DA:11,4
DA:12,4
DA:13,3
DA:14,0
DA:17,1
DA:22,3
DA:27,1
DA:28,1
DA:32,2
DA:39,1
DA:40,1
DA:41,1
DA:43,0
LF:19
LH:17
BRDA:7,0,0,2
BRDA:7,1,0,6
BRDA:7,1,1,4
BRDA:13,2,0,0
BRDA:22,3,0,1
BRDA:27,4,0,1
BRDA:39,5,0,1
BRDA:40,6,0,1
BRDA:40,6,1,0
BRF:9
BRH:7
end_of_record
